mktextfm Raleway
mktextfm Raleway
mktextfm Raleway
mktextfm Raleway/BI
mktextfm Raleway
mktextfm Raleway/B
mktextfm Raleway
mktextfm Raleway/I
mktextfm Raleway
mktextfm Raleway
mktextfm Lato
mktextfm Lato
mktextfm Lato
mktextfm Lato/BI
mktextfm Lato
mktextfm Lato/B
mktextfm Lato
mktextfm Lato/I
mktextfm Lato
mktextfm Lato
mktextfm Lato-Light
mktextfm Lato-Light
mktextfm Lato-Light
mktextfm Lato-Light
mktextfm Lato-Regular
mktextfm Lato-Regular
mktextfm Lato-LightItalic
mktextfm Lato-LightItalic
mktextfm Lato-Italic
mktextfm Lato-Italic
mktextfm Lato-Light
mktextfm Lato-Light
mktextfm Raleway
mktextfm Raleway
mktextfm Raleway
mktextfm Raleway
mktextfm Raleway
mktextfm Raleway
mktextfm Raleway
mktextfm Lato-Light
mktextfm Lato-Regular
mktextfm Raleway
mktextfm Lato-Light
mktextfm Lato-Regular
mktextfm Lato
mktextfm Lato
mktextfm Lato-Light
mktextfm Lato-Light
